{"time":"Mon, 26 Sep 2022 03:39:27 GMT","method":"POST","url":"/signin","http_version":"1.1","status":"200","length":"230","response-time":"67.993 ms","user_agent":"PostmanRuntime/7.29.2","session_id":"-","hostname":"kalangkang","instance":"-","pid":"18696"}
{"time":"Mon, 26 Sep 2022 07:06:12 GMT","method":"POST","url":"/signup","http_version":"1.1","status":"400","length":"49","response-time":"126.235 ms","user_agent":"PostmanRuntime/7.29.2","session_id":"-","hostname":"kalangkang","instance":"-","pid":"23608"}
{"time":"Mon, 26 Sep 2022 07:06:27 GMT","method":"POST","url":"/signup","http_version":"1.1","status":"200","length":"47","response-time":"191.638 ms","user_agent":"PostmanRuntime/7.29.2","session_id":"-","hostname":"kalangkang","instance":"-","pid":"23608"}
{"time":"Mon, 26 Sep 2022 07:06:39 GMT","method":"POST","url":"/signin","http_version":"1.1","status":"200","length":"232","response-time":"32.083 ms","user_agent":"PostmanRuntime/7.29.2","session_id":"-","hostname":"kalangkang","instance":"-","pid":"23608"}
{"time":"Mon, 26 Sep 2022 07:07:08 GMT","method":"GET","url":"/forum","http_version":"1.1","status":"200","length":"574","response-time":"101.998 ms","user_agent":"PostmanRuntime/7.29.2","session_id":"-","hostname":"kalangkang","instance":"-","pid":"23608"}
{"time":"Mon, 26 Sep 2022 07:07:20 GMT","method":"POST","url":"/forum/sub_forum","http_version":"1.1","status":"401","length":"27","response-time":"1.349 ms","user_agent":"PostmanRuntime/7.29.2","session_id":"-","hostname":"kalangkang","instance":"-","pid":"23608"}
{"time":"Mon, 26 Sep 2022 07:07:25 GMT","method":"POST","url":"/forum/sub_forum","http_version":"1.1","status":"500","length":"114","response-time":"106.476 ms","user_agent":"PostmanRuntime/7.29.2","session_id":"-","hostname":"kalangkang","instance":"-","pid":"23608"}
{"time":"Mon, 26 Sep 2022 07:07:34 GMT","method":"POST","url":"/forum/sub_forum","http_version":"1.1","status":"200","length":"36","response-time":"11.794 ms","user_agent":"PostmanRuntime/7.29.2","session_id":"-","hostname":"kalangkang","instance":"-","pid":"23608"}
{"time":"Mon, 26 Sep 2022 07:08:10 GMT","method":"POST","url":"/signup","http_version":"1.1","status":"400","length":"49","response-time":"89.550 ms","user_agent":"PostmanRuntime/7.29.2","session_id":"-","hostname":"kalangkang","instance":"-","pid":"23608"}
{"time":"Mon, 26 Sep 2022 07:08:13 GMT","method":"POST","url":"/signin","http_version":"1.1","status":"200","length":"232","response-time":"34.806 ms","user_agent":"PostmanRuntime/7.29.2","session_id":"-","hostname":"kalangkang","instance":"-","pid":"23608"}
{"time":"Mon, 26 Sep 2022 07:08:23 GMT","method":"POST","url":"/signin","http_version":"1.1","status":"200","length":"230","response-time":"26.196 ms","user_agent":"PostmanRuntime/7.29.2","session_id":"-","hostname":"kalangkang","instance":"-","pid":"23608"}
{"time":"Mon, 26 Sep 2022 07:17:01 GMT","method":"POST","url":"/forum/image/add","http_version":"1.1","status":"403","length":"32","response-time":"3.724 ms","user_agent":"PostmanRuntime/7.29.2","session_id":"-","hostname":"kalangkang","instance":"-","pid":"4768"}
{"time":"Mon, 26 Sep 2022 07:17:29 GMT","method":"POST","url":"/forum/image/add","http_version":"1.1","status":"401","length":"27","response-time":"2.037 ms","user_agent":"PostmanRuntime/7.29.2","session_id":"-","hostname":"kalangkang","instance":"-","pid":"4768"}
{"time":"Mon, 26 Sep 2022 07:17:35 GMT","method":"POST","url":"/signin","http_version":"1.1","status":"200","length":"230","response-time":"161.643 ms","user_agent":"PostmanRuntime/7.29.2","session_id":"-","hostname":"kalangkang","instance":"-","pid":"4768"}
{"time":"Mon, 26 Sep 2022 07:17:47 GMT","method":"POST","url":"/forum/image/add","http_version":"1.1","status":"200","length":"66","response-time":"110.500 ms","user_agent":"PostmanRuntime/7.29.2","session_id":"-","hostname":"kalangkang","instance":"-","pid":"4768"}
{"time":"Mon, 26 Sep 2022 07:17:52 GMT","method":"POST","url":"/forum/image/add","http_version":"1.1","status":"200","length":"66","response-time":"7.187 ms","user_agent":"PostmanRuntime/7.29.2","session_id":"-","hostname":"kalangkang","instance":"-","pid":"4768"}
{"time":"Mon, 26 Sep 2022 07:17:58 GMT","method":"POST","url":"/forum/image/add","http_version":"1.1","status":"200","length":"66","response-time":"5.611 ms","user_agent":"PostmanRuntime/7.29.2","session_id":"-","hostname":"kalangkang","instance":"-","pid":"4768"}
{"time":"Mon, 26 Sep 2022 07:18:01 GMT","method":"POST","url":"/forum/image/add","http_version":"1.1","status":"200","length":"66","response-time":"5.656 ms","user_agent":"PostmanRuntime/7.29.2","session_id":"-","hostname":"kalangkang","instance":"-","pid":"4768"}
{"time":"Mon, 26 Sep 2022 07:18:03 GMT","method":"POST","url":"/forum/image/add","http_version":"1.1","status":"200","length":"66","response-time":"13.371 ms","user_agent":"PostmanRuntime/7.29.2","session_id":"-","hostname":"kalangkang","instance":"-","pid":"4768"}
{"time":"Mon, 26 Sep 2022 07:18:14 GMT","method":"POST","url":"/forum/image/add","http_version":"1.1","status":"200","length":"66","response-time":"97.706 ms","user_agent":"PostmanRuntime/7.29.2","session_id":"-","hostname":"kalangkang","instance":"-","pid":"4768"}
{"time":"Mon, 26 Sep 2022 07:18:19 GMT","method":"POST","url":"/forum/image/add","http_version":"1.1","status":"200","length":"66","response-time":"6.896 ms","user_agent":"PostmanRuntime/7.29.2","session_id":"-","hostname":"kalangkang","instance":"-","pid":"4768"}
{"time":"Mon, 26 Sep 2022 07:21:24 GMT","method":"POST","url":"/signup","http_version":"1.1","status":"200","length":"47","response-time":"184.583 ms","user_agent":"PostmanRuntime/7.29.2","session_id":"-","hostname":"kalangkang","instance":"-","pid":"12272"}
{"time":"Mon, 26 Sep 2022 07:21:36 GMT","method":"POST","url":"/signin","http_version":"1.1","status":"200","length":"232","response-time":"141.883 ms","user_agent":"PostmanRuntime/7.29.2","session_id":"-","hostname":"kalangkang","instance":"-","pid":"12272"}
{"time":"Mon, 26 Sep 2022 07:21:54 GMT","method":"POST","url":"/forum/add","http_version":"1.1","status":"-","length":"-","response-time":"- ms","user_agent":"PostmanRuntime/7.29.2","session_id":"-","hostname":"kalangkang","instance":"-","pid":"12272"}
{"time":"Mon, 26 Sep 2022 07:22:14 GMT","method":"POST","url":"/forum/add","http_version":"1.1","status":"-","length":"-","response-time":"- ms","user_agent":"PostmanRuntime/7.29.2","session_id":"-","hostname":"kalangkang","instance":"-","pid":"12272"}
{"time":"Mon, 26 Sep 2022 07:23:35 GMT","method":"POST","url":"/forum/add","http_version":"1.1","status":"-","length":"-","response-time":"- ms","user_agent":"PostmanRuntime/7.29.2","session_id":"-","hostname":"kalangkang","instance":"-","pid":"12272"}
{"time":"Mon, 26 Sep 2022 07:23:36 GMT","method":"POST","url":"/forum/add","http_version":"1.1","status":"403","length":"32","response-time":"0.305 ms","user_agent":"PostmanRuntime/7.29.2","session_id":"-","hostname":"kalangkang","instance":"-","pid":"12272"}
{"time":"Mon, 26 Sep 2022 07:23:53 GMT","method":"POST","url":"/signup","http_version":"1.1","status":"200","length":"47","response-time":"136.151 ms","user_agent":"PostmanRuntime/7.29.2","session_id":"-","hostname":"kalangkang","instance":"-","pid":"12272"}
{"time":"Mon, 26 Sep 2022 07:24:00 GMT","method":"POST","url":"/signin","http_version":"1.1","status":"401","length":"50","response-time":"29.796 ms","user_agent":"PostmanRuntime/7.29.2","session_id":"-","hostname":"kalangkang","instance":"-","pid":"12272"}
{"time":"Mon, 26 Sep 2022 07:24:07 GMT","method":"POST","url":"/signin","http_version":"1.1","status":"200","length":"230","response-time":"28.043 ms","user_agent":"PostmanRuntime/7.29.2","session_id":"-","hostname":"kalangkang","instance":"-","pid":"12272"}
{"time":"Mon, 26 Sep 2022 07:27:32 GMT","method":"POST","url":"/signup","http_version":"1.1","status":"200","length":"47","response-time":"91.765 ms","user_agent":"PostmanRuntime/7.29.2","session_id":"-","hostname":"kalangkang","instance":"-","pid":"16464"}
{"time":"Mon, 26 Sep 2022 07:27:35 GMT","method":"POST","url":"/signin","http_version":"1.1","status":"200","length":"230","response-time":"32.540 ms","user_agent":"PostmanRuntime/7.29.2","session_id":"-","hostname":"kalangkang","instance":"-","pid":"16464"}
{"time":"Mon, 26 Sep 2022 07:30:19 GMT","method":"POST","url":"/signup","http_version":"1.1","status":"200","length":"47","response-time":"118.123 ms","user_agent":"PostmanRuntime/7.29.2","session_id":"-","hostname":"kalangkang","instance":"-","pid":"20636"}
{"time":"Mon, 26 Sep 2022 07:30:30 GMT","method":"POST","url":"/signin","http_version":"1.1","status":"200","length":"227","response-time":"33.869 ms","user_agent":"PostmanRuntime/7.29.2","session_id":"-","hostname":"kalangkang","instance":"-","pid":"20636"}
{"time":"Mon, 26 Sep 2022 07:31:07 GMT","method":"POST","url":"/forum/add","http_version":"1.1","status":"403","length":"33","response-time":"216.962 ms","user_agent":"PostmanRuntime/7.29.2","session_id":"-","hostname":"kalangkang","instance":"-","pid":"20636"}
{"time":"Mon, 26 Sep 2022 07:31:43 GMT","method":"POST","url":"/signin","http_version":"1.1","status":"404","length":"29","response-time":"191.320 ms","user_agent":"PostmanRuntime/7.29.2","session_id":"-","hostname":"kalangkang","instance":"-","pid":"20636"}
{"time":"Mon, 26 Sep 2022 07:32:06 GMT","method":"POST","url":"/signup","http_version":"1.1","status":"200","length":"47","response-time":"143.879 ms","user_agent":"PostmanRuntime/7.29.2","session_id":"-","hostname":"kalangkang","instance":"-","pid":"20636"}
{"time":"Mon, 26 Sep 2022 07:32:23 GMT","method":"POST","url":"/signin","http_version":"1.1","status":"200","length":"230","response-time":"110.484 ms","user_agent":"PostmanRuntime/7.29.2","session_id":"-","hostname":"kalangkang","instance":"-","pid":"20636"}
{"time":"Mon, 26 Sep 2022 07:33:25 GMT","method":"POST","url":"/forum/add","http_version":"1.1","status":"-","length":"-","response-time":"- ms","user_agent":"PostmanRuntime/7.29.2","session_id":"-","hostname":"kalangkang","instance":"-","pid":"10160"}
{"time":"Mon, 26 Sep 2022 07:33:26 GMT","method":"POST","url":"/forum/add","http_version":"1.1","status":"200","length":"48","response-time":"128.025 ms","user_agent":"PostmanRuntime/7.29.2","session_id":"-","hostname":"kalangkang","instance":"-","pid":"10160"}
{"time":"Mon, 26 Sep 2022 07:34:14 GMT","method":"POST","url":"/forum/add","http_version":"1.1","status":"200","length":"48","response-time":"111.226 ms","user_agent":"PostmanRuntime/7.29.2","session_id":"-","hostname":"kalangkang","instance":"-","pid":"10160"}
{"time":"Mon, 26 Sep 2022 07:34:26 GMT","method":"POST","url":"/forum/image/add","http_version":"1.1","status":"200","length":"66","response-time":"206.024 ms","user_agent":"PostmanRuntime/7.29.2","session_id":"-","hostname":"kalangkang","instance":"-","pid":"10160"}
{"time":"Mon, 26 Sep 2022 07:34:32 GMT","method":"POST","url":"/forum/image/add","http_version":"1.1","status":"200","length":"66","response-time":"12.464 ms","user_agent":"PostmanRuntime/7.29.2","session_id":"-","hostname":"kalangkang","instance":"-","pid":"10160"}
{"time":"Mon, 26 Sep 2022 07:36:49 GMT","method":"POST","url":"/forum/image/add","http_version":"1.1","status":"200","length":"66","response-time":"33.480 ms","user_agent":"PostmanRuntime/7.29.2","session_id":"-","hostname":"kalangkang","instance":"-","pid":"23220"}
{"time":"Mon, 26 Sep 2022 07:36:52 GMT","method":"POST","url":"/forum/image/add","http_version":"1.1","status":"200","length":"66","response-time":"16.314 ms","user_agent":"PostmanRuntime/7.29.2","session_id":"-","hostname":"kalangkang","instance":"-","pid":"23220"}
{"time":"Mon, 26 Sep 2022 07:37:13 GMT","method":"POST","url":"/forum/image/add","http_version":"1.1","status":"500","length":"1761","response-time":"2.313 ms","user_agent":"PostmanRuntime/7.29.2","session_id":"-","hostname":"kalangkang","instance":"-","pid":"23220"}
{"time":"Mon, 26 Sep 2022 07:37:42 GMT","method":"POST","url":"/forum/image/add","http_version":"1.1","status":"200","length":"66","response-time":"206.191 ms","user_agent":"PostmanRuntime/7.29.2","session_id":"-","hostname":"kalangkang","instance":"-","pid":"23220"}
{"time":"Mon, 26 Sep 2022 07:37:50 GMT","method":"POST","url":"/forum/image/add","http_version":"1.1","status":"500","length":"1761","response-time":"1.203 ms","user_agent":"PostmanRuntime/7.29.2","session_id":"-","hostname":"kalangkang","instance":"-","pid":"23220"}
{"time":"Mon, 26 Sep 2022 07:37:56 GMT","method":"POST","url":"/forum/image/add","http_version":"1.1","status":"200","length":"66","response-time":"84.647 ms","user_agent":"PostmanRuntime/7.29.2","session_id":"-","hostname":"kalangkang","instance":"-","pid":"23220"}
{"time":"Mon, 26 Sep 2022 07:38:16 GMT","method":"POST","url":"/forum/image/add","http_version":"1.1","status":"200","length":"66","response-time":"88.311 ms","user_agent":"PostmanRuntime/7.29.2","session_id":"-","hostname":"kalangkang","instance":"-","pid":"23220"}
{"time":"Mon, 26 Sep 2022 07:38:22 GMT","method":"POST","url":"/profile/image","http_version":"1.1","status":"404","length":"153","response-time":"1.644 ms","user_agent":"PostmanRuntime/7.29.2","session_id":"-","hostname":"kalangkang","instance":"-","pid":"23220"}
{"time":"Mon, 26 Sep 2022 07:38:42 GMT","method":"POST","url":"/profile/image/add","http_version":"1.1","status":"200","length":"943","response-time":"82.546 ms","user_agent":"PostmanRuntime/7.29.2","session_id":"-","hostname":"kalangkang","instance":"-","pid":"23220"}
{"time":"Mon, 26 Sep 2022 07:38:56 GMT","method":"POST","url":"/forum/image/add","http_version":"1.1","status":"200","length":"66","response-time":"90.192 ms","user_agent":"PostmanRuntime/7.29.2","session_id":"-","hostname":"kalangkang","instance":"-","pid":"23220"}
{"time":"Mon, 26 Sep 2022 07:39:00 GMT","method":"POST","url":"/forum/image/add","http_version":"1.1","status":"200","length":"66","response-time":"13.539 ms","user_agent":"PostmanRuntime/7.29.2","session_id":"-","hostname":"kalangkang","instance":"-","pid":"23220"}
{"time":"Mon, 26 Sep 2022 07:39:44 GMT","method":"POST","url":"/forum/image/add","http_version":"1.1","status":"200","length":"66","response-time":"35.543 ms","user_agent":"PostmanRuntime/7.29.2","session_id":"-","hostname":"kalangkang","instance":"-","pid":"4568"}
{"time":"Mon, 26 Sep 2022 07:39:49 GMT","method":"POST","url":"/forum/image/add","http_version":"1.1","status":"200","length":"66","response-time":"14.632 ms","user_agent":"PostmanRuntime/7.29.2","session_id":"-","hostname":"kalangkang","instance":"-","pid":"4568"}
{"time":"Mon, 26 Sep 2022 07:40:11 GMT","method":"POST","url":"/signup","http_version":"1.1","status":"200","length":"47","response-time":"74.697 ms","user_agent":"PostmanRuntime/7.29.2","session_id":"-","hostname":"kalangkang","instance":"-","pid":"18200"}
{"time":"Mon, 26 Sep 2022 07:40:14 GMT","method":"POST","url":"/signin","http_version":"1.1","status":"200","length":"230","response-time":"33.445 ms","user_agent":"PostmanRuntime/7.29.2","session_id":"-","hostname":"kalangkang","instance":"-","pid":"18200"}
{"time":"Mon, 26 Sep 2022 07:40:40 GMT","method":"POST","url":"/signup","http_version":"1.1","status":"200","length":"47","response-time":"88.120 ms","user_agent":"PostmanRuntime/7.29.2","session_id":"-","hostname":"kalangkang","instance":"-","pid":"24424"}
{"time":"Mon, 26 Sep 2022 07:40:42 GMT","method":"POST","url":"/signin","http_version":"1.1","status":"200","length":"230","response-time":"43.093 ms","user_agent":"PostmanRuntime/7.29.2","session_id":"-","hostname":"kalangkang","instance":"-","pid":"24424"}
{"time":"Mon, 26 Sep 2022 07:40:48 GMT","method":"POST","url":"/forum/add","http_version":"1.1","status":"200","length":"48","response-time":"26.861 ms","user_agent":"PostmanRuntime/7.29.2","session_id":"-","hostname":"kalangkang","instance":"-","pid":"24424"}
{"time":"Mon, 26 Sep 2022 07:41:01 GMT","method":"POST","url":"/profile/image/add","http_version":"1.1","status":"200","length":"66","response-time":"123.315 ms","user_agent":"PostmanRuntime/7.29.2","session_id":"-","hostname":"kalangkang","instance":"-","pid":"24424"}
{"time":"Mon, 26 Sep 2022 07:41:32 GMT","method":"POST","url":"/forum/image/add","http_version":"1.1","status":"200","length":"66","response-time":"100.578 ms","user_agent":"PostmanRuntime/7.29.2","session_id":"-","hostname":"kalangkang","instance":"-","pid":"24424"}
{"time":"Mon, 26 Sep 2022 07:41:36 GMT","method":"POST","url":"/forum/image/add","http_version":"1.1","status":"200","length":"66","response-time":"11.909 ms","user_agent":"PostmanRuntime/7.29.2","session_id":"-","hostname":"kalangkang","instance":"-","pid":"24424"}
{"time":"Mon, 26 Sep 2022 07:41:43 GMT","method":"POST","url":"/forum/image/add","http_version":"1.1","status":"200","length":"66","response-time":"4.982 ms","user_agent":"PostmanRuntime/7.29.2","session_id":"-","hostname":"kalangkang","instance":"-","pid":"24424"}
{"time":"Mon, 26 Sep 2022 07:43:56 GMT","method":"POST","url":"/signup","http_version":"1.1","status":"200","length":"47","response-time":"87.444 ms","user_agent":"PostmanRuntime/7.29.2","session_id":"-","hostname":"kalangkang","instance":"-","pid":"22220"}
{"time":"Mon, 26 Sep 2022 07:43:58 GMT","method":"POST","url":"/signin","http_version":"1.1","status":"200","length":"230","response-time":"33.035 ms","user_agent":"PostmanRuntime/7.29.2","session_id":"-","hostname":"kalangkang","instance":"-","pid":"22220"}
{"time":"Mon, 26 Sep 2022 07:44:09 GMT","method":"POST","url":"/forum/add","http_version":"1.1","status":"200","length":"48","response-time":"121.371 ms","user_agent":"PostmanRuntime/7.29.2","session_id":"-","hostname":"kalangkang","instance":"-","pid":"22220"}
{"time":"Mon, 26 Sep 2022 07:44:15 GMT","method":"POST","url":"/profile/image/add","http_version":"1.1","status":"200","length":"66","response-time":"21.517 ms","user_agent":"PostmanRuntime/7.29.2","session_id":"-","hostname":"kalangkang","instance":"-","pid":"22220"}
{"time":"Mon, 26 Sep 2022 07:44:20 GMT","method":"POST","url":"/forum/image/add","http_version":"1.1","status":"200","length":"868","response-time":"16.117 ms","user_agent":"PostmanRuntime/7.29.2","session_id":"-","hostname":"kalangkang","instance":"-","pid":"22220"}
{"time":"Mon, 26 Sep 2022 07:44:25 GMT","method":"POST","url":"/forum/image/add","http_version":"1.1","status":"200","length":"66","response-time":"8.144 ms","user_agent":"PostmanRuntime/7.29.2","session_id":"-","hostname":"kalangkang","instance":"-","pid":"22220"}
{"time":"Mon, 26 Sep 2022 07:44:40 GMT","method":"POST","url":"/forum/image/add","http_version":"1.1","status":"200","length":"66","response-time":"107.519 ms","user_agent":"PostmanRuntime/7.29.2","session_id":"-","hostname":"kalangkang","instance":"-","pid":"22220"}
{"time":"Mon, 26 Sep 2022 07:44:47 GMT","method":"POST","url":"/forum/image/add","http_version":"1.1","status":"200","length":"66","response-time":"11.020 ms","user_agent":"PostmanRuntime/7.29.2","session_id":"-","hostname":"kalangkang","instance":"-","pid":"22220"}
{"time":"Mon, 26 Sep 2022 07:45:30 GMT","method":"POST","url":"/signin","http_version":"1.1","status":"404","length":"29","response-time":"11.201 ms","user_agent":"PostmanRuntime/7.29.2","session_id":"-","hostname":"kalangkang","instance":"-","pid":"7552"}
{"time":"Mon, 26 Sep 2022 07:45:45 GMT","method":"POST","url":"/signup","http_version":"1.1","status":"200","length":"47","response-time":"78.889 ms","user_agent":"PostmanRuntime/7.29.2","session_id":"-","hostname":"kalangkang","instance":"-","pid":"20320"}
{"time":"Mon, 26 Sep 2022 07:45:48 GMT","method":"POST","url":"/signin","http_version":"1.1","status":"200","length":"230","response-time":"42.257 ms","user_agent":"PostmanRuntime/7.29.2","session_id":"-","hostname":"kalangkang","instance":"-","pid":"20320"}
{"time":"Mon, 26 Sep 2022 07:45:59 GMT","method":"POST","url":"/forum/add","http_version":"1.1","status":"200","length":"48","response-time":"132.013 ms","user_agent":"PostmanRuntime/7.29.2","session_id":"-","hostname":"kalangkang","instance":"-","pid":"20320"}
{"time":"Mon, 26 Sep 2022 07:46:07 GMT","method":"POST","url":"/profile/image/add","http_version":"1.1","status":"200","length":"66","response-time":"14.410 ms","user_agent":"PostmanRuntime/7.29.2","session_id":"-","hostname":"kalangkang","instance":"-","pid":"20320"}
{"time":"Mon, 26 Sep 2022 07:46:15 GMT","method":"POST","url":"/forum/image/add","http_version":"1.1","status":"200","length":"65","response-time":"14.213 ms","user_agent":"PostmanRuntime/7.29.2","session_id":"-","hostname":"kalangkang","instance":"-","pid":"20320"}
{"time":"Mon, 26 Sep 2022 07:46:23 GMT","method":"POST","url":"/forum/image/add","http_version":"1.1","status":"200","length":"868","response-time":"8.672 ms","user_agent":"PostmanRuntime/7.29.2","session_id":"-","hostname":"kalangkang","instance":"-","pid":"20320"}
{"time":"Mon, 26 Sep 2022 07:46:25 GMT","method":"POST","url":"/forum/image/add","http_version":"1.1","status":"200","length":"868","response-time":"5.714 ms","user_agent":"PostmanRuntime/7.29.2","session_id":"-","hostname":"kalangkang","instance":"-","pid":"20320"}
{"time":"Mon, 26 Sep 2022 07:46:28 GMT","method":"POST","url":"/forum/image/add","http_version":"1.1","status":"200","length":"868","response-time":"5.950 ms","user_agent":"PostmanRuntime/7.29.2","session_id":"-","hostname":"kalangkang","instance":"-","pid":"20320"}
{"time":"Mon, 26 Sep 2022 07:48:51 GMT","method":"POST","url":"/profile/image/add","http_version":"1.1","status":"200","length":"943","response-time":"128.877 ms","user_agent":"PostmanRuntime/7.29.2","session_id":"-","hostname":"kalangkang","instance":"-","pid":"17412"}
{"time":"Mon, 26 Sep 2022 07:48:59 GMT","method":"POST","url":"/profile/image/add","http_version":"1.1","status":"200","length":"868","response-time":"10.886 ms","user_agent":"PostmanRuntime/7.29.2","session_id":"-","hostname":"kalangkang","instance":"-","pid":"17412"}
{"time":"Mon, 26 Sep 2022 07:49:02 GMT","method":"POST","url":"/signup","http_version":"1.1","status":"200","length":"47","response-time":"82.919 ms","user_agent":"PostmanRuntime/7.29.2","session_id":"-","hostname":"kalangkang","instance":"-","pid":"17412"}
{"time":"Mon, 26 Sep 2022 07:49:04 GMT","method":"POST","url":"/signin","http_version":"1.1","status":"200","length":"230","response-time":"34.874 ms","user_agent":"PostmanRuntime/7.29.2","session_id":"-","hostname":"kalangkang","instance":"-","pid":"17412"}
{"time":"Mon, 26 Sep 2022 07:49:12 GMT","method":"POST","url":"/forum/add","http_version":"1.1","status":"200","length":"48","response-time":"27.564 ms","user_agent":"PostmanRuntime/7.29.2","session_id":"-","hostname":"kalangkang","instance":"-","pid":"17412"}
{"time":"Mon, 26 Sep 2022 07:49:21 GMT","method":"POST","url":"/profile/image/add","http_version":"1.1","status":"200","length":"66","response-time":"6.524 ms","user_agent":"PostmanRuntime/7.29.2","session_id":"-","hostname":"kalangkang","instance":"-","pid":"17412"}
{"time":"Mon, 26 Sep 2022 07:49:47 GMT","method":"POST","url":"/forum/image/add","http_version":"1.1","status":"200","length":"65","response-time":"195.937 ms","user_agent":"PostmanRuntime/7.29.2","session_id":"-","hostname":"kalangkang","instance":"-","pid":"17412"}
{"time":"Mon, 26 Sep 2022 08:14:49 GMT","method":"POST","url":"/signup","http_version":"1.1","status":"400","length":"49","response-time":"19.908 ms","user_agent":"PostmanRuntime/7.29.2","session_id":"-","hostname":"kalangkang","instance":"-","pid":"23512"}
{"time":"Mon, 26 Sep 2022 08:14:53 GMT","method":"POST","url":"/signin","http_version":"1.1","status":"200","length":"230","response-time":"70.840 ms","user_agent":"PostmanRuntime/7.29.2","session_id":"-","hostname":"kalangkang","instance":"-","pid":"23512"}
{"time":"Mon, 26 Sep 2022 08:14:56 GMT","method":"POST","url":"/forum/add","http_version":"1.1","status":"200","length":"48","response-time":"38.783 ms","user_agent":"PostmanRuntime/7.29.2","session_id":"-","hostname":"kalangkang","instance":"-","pid":"23512"}
{"time":"Mon, 26 Sep 2022 08:15:03 GMT","method":"POST","url":"/forum/image/add","http_version":"1.1","status":"200","length":"65","response-time":"25.352 ms","user_agent":"PostmanRuntime/7.29.2","session_id":"-","hostname":"kalangkang","instance":"-","pid":"23512"}
